<?xml version="1.0" encoding="UTF-8"?>
<Site BuildName="(empty)"
	BuildStamp="20240503-1408-Experimental"
	Name="mohamed-HP-Laptop-17-cn0xxx"
	Generator="ctest-3.22.1"
	CompilerName="/usr/bin/g++"
	CompilerVersion="11.4.0"
	OSName="Linux"
	Hostname="mohamed-HP-Laptop-17-cn0xxx"
	OSRelease="6.5.0-28-generic"
	OSVersion="#29~22.04.1-Ubuntu SMP PREEMPT_DYNAMIC Thu Apr  4 14:39:20 UTC 2"
	OSPlatform="x86_64"
	Is64Bits="1"
	VendorString="GenuineIntel"
	VendorID="Intel Corporation"
	FamilyID="6"
	ModelID="140"
	ProcessorCacheSize="8192"
	NumberOfLogicalCPU="8"
	NumberOfPhysicalCPU="4"
	TotalVirtualMemory="0"
	TotalPhysicalMemory="7601"
	LogicalProcessorsPerPhysical="2"
	ProcessorClockFrequency="1394.49"
	>
	<Testing>
		<StartDateTime>May 03 16:03 +01</StartDateTime>
		<StartTestTime>1714748585</StartTestTime>
		<TestList/>
		<EndDateTime>May 03 16:03 +01</EndDateTime>
		<EndTestTime>1714748585</EndTestTime>
		<ElapsedMinutes>0</ElapsedMinutes>
	</Testing>
</Site>
